#
# A fatal error has been detected by the Java Runtime Environment:
#
#  EXCEPTION_ACCESS_VIOLATION (0xc0000005) at pc=0x5939d872, pid=2908, tid=0x00001dcc
#
# JRE version: Java(TM) SE Runtime Environment (8.0_92-b14) (build 1.8.0_92-b14)
# Java VM: Java HotSpot(TM) Client VM (25.92-b14 mixed mode windows-x86 )
# Problematic frame:
# V  [jvm.dll+0x8d872]
#
# Failed to write core dump. Minidumps are not enabled by default on client versions of Windows
#
# If you would like to submit a bug report, please visit:
#   http://bugreport.java.com/bugreport/crash.jsp
#

---------------  T H R E A D  ---------------

Current thread (0x17681000):  JavaThread "http-nio-5050-exec-4" daemon [_thread_in_vm, id=7628, stack(0x18cb0000,0x18d00000)]

siginfo: ExceptionCode=0xc0000005, reading address 0x00000000

Registers:
EAX=0x19837d30, EBX=0x00000000, ECX=0x197f7588, EDX=0x80000000
ESP=0x18cfbde8, EBP=0x18cfbdf0, ESI=0x00000000, EDI=0x00000000
EIP=0x5939d872, EFLAGS=0x00010206

Top of Stack: (sp=0x18cfbde8)
0x18cfbde8:   198030e8 154c46b8 18cfbe0c 5939efdb
0x18cfbdf8:   19837d30 00000022 198030e8 19837d30
0x18cfbe08:   004c46b8 18cfbe24 5939f1b8 19837d30
0x18cfbe18:   00000022 00000022 14fbfe00 18cfbe40
0x18cfbe28:   593adda2 00000022 00000000 00000022
0x18cfbe38:   00000001 14fbfdd8 18cfbe5c 593af3e5
0x18cfbe48:   00000022 00000001 00000022 18cfc394
0x18cfbe58:   14ec68e8 18cfbe74 593af6b7 00000022 

Instructions: (pc=0x5939d872)
0x5939d852:   11 00 83 c4 0c 5f 5e 5b c3 cc cc cc cc cc 55 8b
0x5939d862:   ec 8b 45 08 8b 50 04 53 8b d9 8b 48 08 56 8b f3
0x5939d872:   3b 03 75 72 85 d2 75 10 89 53 04 89 13 ff 4e 0c
0x5939d882:   8b c6 5e 5b 5d c2 04 00 57 8d 70 10 b9 07 00 00 


Register to memory mapping:

EAX=0x19837d30 is pointing into metadata
EBX=0x00000000 is an unknown value
ECX=0x197f7588 is pointing into metadata
EDX=0x80000000 is an unknown value
ESP=0x18cfbde8 is pointing into the stack for thread: 0x17681000
EBP=0x18cfbdf0 is pointing into the stack for thread: 0x17681000
ESI=0x00000000 is an unknown value
EDI=0x00000000 is an unknown value


Stack: [0x18cb0000,0x18d00000],  sp=0x18cfbde8,  free space=303k
Native frames: (J=compiled Java code, j=interpreted, Vv=VM code, C=native code)
V  [jvm.dll+0x8d872]
V  [jvm.dll+0x8efdb]
V  [jvm.dll+0x8f1b8]
V  [jvm.dll+0x9dda2]
V  [jvm.dll+0x9f3e5]
V  [jvm.dll+0x9f6b7]
V  [jvm.dll+0xab8e7]
V  [jvm.dll+0x335a4]
V  [jvm.dll+0x39305]
V  [jvm.dll+0x4fba7]
V  [jvm.dll+0x106a09]
V  [jvm.dll+0x106bdb]
C  [java.dll+0x1c7d]
C  0x0072616a

Java frames: (J=compiled Java code, j=interpreted, Vv=VM code)
J 754  java.lang.ClassLoader.defineClass1(Ljava/lang/String;[BIILjava/security/ProtectionDomain;Ljava/lang/String;)Ljava/lang/Class; (0 bytes) @ 0x02a47eb6 [0x02a47e10+0xa6]
j  java.lang.ClassLoader.defineClass(Ljava/lang/String;[BIILjava/security/ProtectionDomain;)Ljava/lang/Class;+27
j  java.security.SecureClassLoader.defineClass(Ljava/lang/String;[BIILjava/security/CodeSource;)Ljava/lang/Class;+12
j  java.net.URLClassLoader.defineClass(Ljava/lang/String;Lsun/misc/Resource;)Ljava/lang/Class;+138
j  java.net.URLClassLoader.access$100(Ljava/net/URLClassLoader;Ljava/lang/String;Lsun/misc/Resource;)Ljava/lang/Class;+3
j  java.net.URLClassLoader$1.run()Ljava/lang/Class;+43
j  java.net.URLClassLoader$1.run()Ljava/lang/Object;+1
v  ~StubRoutines::call_stub
J 460  java.security.AccessController.doPrivileged(Ljava/security/PrivilegedExceptionAction;Ljava/security/AccessControlContext;)Ljava/lang/Object; (0 bytes) @ 0x029d5b47 [0x029d5ae0+0x67]
j  java.net.URLClassLoader.findClass(Ljava/lang/String;)Ljava/lang/Class;+13
j  java.lang.ClassLoader.loadClass(Ljava/lang/String;Z)Ljava/lang/Class;+70
j  sun.misc.Launcher$AppClassLoader.loadClass(Ljava/lang/String;Z)Ljava/lang/Class;+81
j  java.lang.ClassLoader.loadClass(Ljava/lang/String;)Ljava/lang/Class;+3
v  ~StubRoutines::call_stub
J 754  java.lang.ClassLoader.defineClass1(Ljava/lang/String;[BIILjava/security/ProtectionDomain;Ljava/lang/String;)Ljava/lang/Class; (0 bytes) @ 0x02a47eb6 [0x02a47e10+0xa6]
j  java.lang.ClassLoader.defineClass(Ljava/lang/String;[BIILjava/security/ProtectionDomain;)Ljava/lang/Class;+27
j  java.security.SecureClassLoader.defineClass(Ljava/lang/String;[BIILjava/security/CodeSource;)Ljava/lang/Class;+12
j  java.net.URLClassLoader.defineClass(Ljava/lang/String;Lsun/misc/Resource;)Ljava/lang/Class;+138
j  java.net.URLClassLoader.access$100(Ljava/net/URLClassLoader;Ljava/lang/String;Lsun/misc/Resource;)Ljava/lang/Class;+3
j  java.net.URLClassLoader$1.run()Ljava/lang/Class;+43
j  java.net.URLClassLoader$1.run()Ljava/lang/Object;+1
v  ~StubRoutines::call_stub
J 460  java.security.AccessController.doPrivileged(Ljava/security/PrivilegedExceptionAction;Ljava/security/AccessControlContext;)Ljava/lang/Object; (0 bytes) @ 0x029d5b47 [0x029d5ae0+0x67]
j  java.net.URLClassLoader.findClass(Ljava/lang/String;)Ljava/lang/Class;+13
j  java.lang.ClassLoader.loadClass(Ljava/lang/String;Z)Ljava/lang/Class;+70
j  sun.misc.Launcher$AppClassLoader.loadClass(Ljava/lang/String;Z)Ljava/lang/Class;+81
j  java.lang.ClassLoader.loadClass(Ljava/lang/String;)Ljava/lang/Class;+3
v  ~StubRoutines::call_stub
j  org.springframework.web.servlet.mvc.support.DefaultHandlerExceptionResolver.doResolveException(Ljavax/servlet/http/HttpServletRequest;Ljavax/servlet/http/HttpServletResponse;Ljava/lang/Object;Ljava/lang/Exception;)Lorg/springframework/web/servlet/ModelAndView;+128
j  org.springframework.web.servlet.handler.AbstractHandlerExceptionResolver.resolveException(Ljavax/servlet/http/HttpServletRequest;Ljavax/servlet/http/HttpServletResponse;Ljava/lang/Object;Ljava/lang/Exception;)Lorg/springframework/web/servlet/ModelAndView;+22
j  org.springframework.web.servlet.handler.HandlerExceptionResolverComposite.resolveException(Ljavax/servlet/http/HttpServletRequest;Ljavax/servlet/http/HttpServletResponse;Ljava/lang/Object;Ljava/lang/Exception;)Lorg/springframework/web/servlet/ModelAndView;+47
j  org.springframework.web.servlet.DispatcherServlet.processHandlerException(Ljavax/servlet/http/HttpServletRequest;Ljavax/servlet/http/HttpServletResponse;Ljava/lang/Object;Ljava/lang/Exception;)Lorg/springframework/web/servlet/ModelAndView;+59
j  org.springframework.web.servlet.DispatcherServlet.processDispatchResult(Ljavax/servlet/http/HttpServletRequest;Ljavax/servlet/http/HttpServletResponse;Lorg/springframework/web/servlet/HandlerExecutionChain;Lorg/springframework/web/servlet/ModelAndView;Ljava/lang/Exception;)V+63
j  org.springframework.web.servlet.DispatcherServlet.doDispatch(Ljavax/servlet/http/HttpServletRequest;Ljavax/servlet/http/HttpServletResponse;)V+358
j  org.springframework.web.servlet.DispatcherServlet.doService(Ljavax/servlet/http/HttpServletRequest;Ljavax/servlet/http/HttpServletResponse;)V+212
j  org.springframework.web.servlet.FrameworkServlet.processRequest(Ljavax/servlet/http/HttpServletRequest;Ljavax/servlet/http/HttpServletResponse;)V+71
j  org.springframework.web.servlet.FrameworkServlet.doPost(Ljavax/servlet/http/HttpServletRequest;Ljavax/servlet/http/HttpServletResponse;)V+3
j  javax.servlet.http.HttpServlet.service(Ljavax/servlet/http/HttpServletRequest;Ljavax/servlet/http/HttpServletResponse;)V+149
j  org.springframework.web.servlet.FrameworkServlet.service(Ljavax/servlet/http/HttpServletRequest;Ljavax/servlet/http/HttpServletResponse;)V+33
j  javax.servlet.http.HttpServlet.service(Ljavax/servlet/ServletRequest;Ljavax/servlet/ServletResponse;)V+36
J 2770 C1 org.apache.catalina.core.ApplicationFilterChain.internalDoFilter(Ljavax/servlet/ServletRequest;Ljavax/servlet/ServletResponse;)V (388 bytes) @ 0x02a228a0 [0x02a22700+0x1a0]
J 2771 C1 org.apache.catalina.core.ApplicationFilterChain.doFilter(Ljavax/servlet/ServletRequest;Ljavax/servlet/ServletResponse;)V (105 bytes) @ 0x029af0f8 [0x029af0c0+0x38]
j  org.apache.tomcat.websocket.server.WsFilter.doFilter(Ljavax/servlet/ServletRequest;Ljavax/servlet/ServletResponse;Ljavax/servlet/FilterChain;)V+21
J 2770 C1 org.apache.catalina.core.ApplicationFilterChain.internalDoFilter(Ljavax/servlet/ServletRequest;Ljavax/servlet/ServletResponse;)V (388 bytes) @ 0x02a22a34 [0x02a22700+0x334]
J 2771 C1 org.apache.catalina.core.ApplicationFilterChain.doFilter(Ljavax/servlet/ServletRequest;Ljavax/servlet/ServletResponse;)V (105 bytes) @ 0x029af0f8 [0x029af0c0+0x38]
j  org.springframework.web.filter.RequestContextFilter.doFilterInternal(Ljavax/servlet/http/HttpServletRequest;Ljavax/servlet/http/HttpServletResponse;Ljavax/servlet/FilterChain;)V+21
j  org.springframework.web.filter.OncePerRequestFilter.doFilter(Ljavax/servlet/ServletRequest;Ljavax/servlet/ServletResponse;Ljavax/servlet/FilterChain;)V+147
J 2770 C1 org.apache.catalina.core.ApplicationFilterChain.internalDoFilter(Ljavax/servlet/ServletRequest;Ljavax/servlet/ServletResponse;)V (388 bytes) @ 0x02a22a34 [0x02a22700+0x334]
J 2771 C1 org.apache.catalina.core.ApplicationFilterChain.doFilter(Ljavax/servlet/ServletRequest;Ljavax/servlet/ServletResponse;)V (105 bytes) @ 0x029af0f8 [0x029af0c0+0x38]
j  org.springframework.web.filter.FormContentFilter.doFilterInternal(Ljavax/servlet/http/HttpServletRequest;Ljavax/servlet/http/HttpServletResponse;Ljavax/servlet/FilterChain;)V+38
j  org.springframework.web.filter.OncePerRequestFilter.doFilter(Ljavax/servlet/ServletRequest;Ljavax/servlet/ServletResponse;Ljavax/servlet/FilterChain;)V+147
J 2770 C1 org.apache.catalina.core.ApplicationFilterChain.internalDoFilter(Ljavax/servlet/ServletRequest;Ljavax/servlet/ServletResponse;)V (388 bytes) @ 0x02a22a34 [0x02a22700+0x334]
J 2771 C1 org.apache.catalina.core.ApplicationFilterChain.doFilter(Ljavax/servlet/ServletRequest;Ljavax/servlet/ServletResponse;)V (105 bytes) @ 0x029af0f8 [0x029af0c0+0x38]
j  org.springframework.web.filter.CharacterEncodingFilter.doFilterInternal(Ljavax/servlet/http/HttpServletRequest;Ljavax/servlet/http/HttpServletResponse;Ljavax/servlet/FilterChain;)V+53
j  org.springframework.web.filter.OncePerRequestFilter.doFilter(Ljavax/servlet/ServletRequest;Ljavax/servlet/ServletResponse;Ljavax/servlet/FilterChain;)V+147
J 2770 C1 org.apache.catalina.core.ApplicationFilterChain.internalDoFilter(Ljavax/servlet/ServletRequest;Ljavax/servlet/ServletResponse;)V (388 bytes) @ 0x02a22a34 [0x02a22700+0x334]
J 2771 C1 org.apache.catalina.core.ApplicationFilterChain.doFilter(Ljavax/servlet/ServletRequest;Ljavax/servlet/ServletResponse;)V (105 bytes) @ 0x029af0f8 [0x029af0c0+0x38]
j  org.apache.catalina.core.StandardWrapperValve.invoke(Lorg/apache/catalina/connector/Request;Lorg/apache/catalina/connector/Response;)V+694
j  org.apache.catalina.core.StandardContextValve.invoke(Lorg/apache/catalina/connector/Request;Lorg/apache/catalina/connector/Response;)V+166
j  org.apache.catalina.authenticator.AuthenticatorBase.invoke(Lorg/apache/catalina/connector/Request;Lorg/apache/catalina/connector/Response;)V+260
j  org.apache.catalina.core.StandardHostValve.invoke(Lorg/apache/catalina/connector/Request;Lorg/apache/catalina/connector/Response;)V+114
j  org.apache.catalina.valves.ErrorReportValve.invoke(Lorg/apache/catalina/connector/Request;Lorg/apache/catalina/connector/Response;)V+6
j  org.apache.catalina.core.StandardEngineValve.invoke(Lorg/apache/catalina/connector/Request;Lorg/apache/catalina/connector/Response;)V+45
j  org.apache.catalina.connector.CoyoteAdapter.service(Lorg/apache/coyote/Request;Lorg/apache/coyote/Response;)V+199
j  org.apache.coyote.http11.Http11Processor.service(Lorg/apache/tomcat/util/net/SocketWrapperBase;)Lorg/apache/tomcat/util/net/AbstractEndpoint$Handler$SocketState;+735
j  org.apache.coyote.AbstractProcessorLight.process(Lorg/apache/tomcat/util/net/SocketWrapperBase;Lorg/apache/tomcat/util/net/SocketEvent;)Lorg/apache/tomcat/util/net/AbstractEndpoint$Handler$SocketState;+170
j  org.apache.coyote.AbstractProtocol$ConnectionHandler.process(Lorg/apache/tomcat/util/net/SocketWrapperBase;Lorg/apache/tomcat/util/net/SocketEvent;)Lorg/apache/tomcat/util/net/AbstractEndpoint$Handler$SocketState;+505
j  org.apache.tomcat.util.net.NioEndpoint$SocketProcessor.doRun()V+214
j  org.apache.tomcat.util.net.SocketProcessorBase.run()V+21
j  java.util.concurrent.ThreadPoolExecutor.runWorker(Ljava/util/concurrent/ThreadPoolExecutor$Worker;)V+95
j  java.util.concurrent.ThreadPoolExecutor$Worker.run()V+5
j  org.apache.tomcat.util.threads.TaskThread$WrappingRunnable.run()V+4
j  java.lang.Thread.run()V+11
v  ~StubRoutines::call_stub

---------------  P R O C E S S  ---------------

Java Threads: ( => current thread )
  0x163a7c00 JavaThread "HikariPool-1 housekeeper" daemon [_thread_blocked, id=9392, stack(0x19560000,0x195b0000)]
  0x1637b000 JavaThread "DestroyJavaVM" [_thread_blocked, id=14832, stack(0x009c0000,0x00a10000)]
  0x1637d400 JavaThread "http-nio-5050-Acceptor" daemon [_thread_in_native, id=18160, stack(0x19140000,0x19190000)]
  0x1637b400 JavaThread "http-nio-5050-ClientPoller" daemon [_thread_in_native, id=360, stack(0x190b0000,0x19100000)]
  0x1637a000 JavaThread "http-nio-5050-exec-10" daemon [_thread_blocked, id=12232, stack(0x19010000,0x19060000)]
  0x1637cc00 JavaThread "http-nio-5050-exec-9" daemon [_thread_blocked, id=14652, stack(0x18f80000,0x18fd0000)]
  0x1637a800 JavaThread "http-nio-5050-exec-8" daemon [_thread_blocked, id=5528, stack(0x18ef0000,0x18f40000)]
  0x1637bc00 JavaThread "http-nio-5050-exec-7" daemon [_thread_blocked, id=11564, stack(0x18e60000,0x18eb0000)]
  0x1637dc00 JavaThread "http-nio-5050-exec-6" daemon [_thread_blocked, id=17904, stack(0x18dd0000,0x18e20000)]
  0x1637c800 JavaThread "http-nio-5050-exec-5" daemon [_thread_blocked, id=14624, stack(0x18d40000,0x18d90000)]
=>0x17681000 JavaThread "http-nio-5050-exec-4" daemon [_thread_in_vm, id=7628, stack(0x18cb0000,0x18d00000)]
  0x1767fc00 JavaThread "http-nio-5050-exec-3" daemon [_thread_blocked, id=2976, stack(0x18c20000,0x18c70000)]
  0x1767f400 JavaThread "http-nio-5050-exec-2" daemon [_thread_blocked, id=3936, stack(0x18b90000,0x18be0000)]
  0x1767f000 JavaThread "http-nio-5050-exec-1" daemon [_thread_blocked, id=15556, stack(0x18b00000,0x18b50000)]
  0x1767c800 JavaThread "http-nio-5050-BlockPoller" daemon [_thread_in_native, id=4868, stack(0x18a60000,0x18ab0000)]
  0x173aa400 JavaThread "mysql-cj-abandoned-connection-cleanup" daemon [_thread_blocked, id=13624, stack(0x186d0000,0x18720000)]
  0x172f0800 JavaThread "container-0" [_thread_blocked, id=12984, stack(0x18540000,0x18590000)]
  0x172d8000 JavaThread "Catalina-utility-2" [_thread_blocked, id=18136, stack(0x184b0000,0x18500000)]
  0x172d7c00 JavaThread "Catalina-utility-1" [_thread_blocked, id=13684, stack(0x16760000,0x167b0000)]
  0x156f7c00 JavaThread "RMI TCP Accept-0" daemon [_thread_in_native, id=13360, stack(0x15ae0000,0x15b30000)]
  0x154d7400 JavaThread "Service Thread" daemon [_thread_blocked, id=13332, stack(0x15900000,0x15950000)]
  0x15564800 JavaThread "C1 CompilerThread0" daemon [_thread_blocked, id=9488, stack(0x15870000,0x158c0000)]
  0x14ed1c00 JavaThread "JDWP Command Reader" daemon [_thread_in_native, id=13096, stack(0x153e0000,0x15430000)]
  0x14ece800 JavaThread "JDWP Event Helper Thread" daemon [_thread_blocked, id=13888, stack(0x15350000,0x153a0000)]
  0x14ecc800 JavaThread "JDWP Transport Listener: dt_socket" daemon [_thread_blocked, id=13984, stack(0x152c0000,0x15310000)]
  0x14e91000 JavaThread "Attach Listener" daemon [_thread_blocked, id=19348, stack(0x15230000,0x15280000)]
  0x14e8e000 JavaThread "Signal Dispatcher" daemon [_thread_blocked, id=19164, stack(0x151a0000,0x151f0000)]
  0x14e7d400 JavaThread "Finalizer" daemon [_thread_blocked, id=1376, stack(0x150a0000,0x150f0000)]
  0x14e67400 JavaThread "Reference Handler" daemon [_thread_blocked, id=7408, stack(0x049b0000,0x04a00000)]

Other Threads:
  0x14e61c00 VMThread [stack: 0x04920000,0x04970000] [id=5552]
  0x15702800 WatcherThread [stack: 0x15b70000,0x15bc0000] [id=15772]

VM state:not at safepoint (normal execution)

VM Mutex/Monitor currently owned by a thread: None

Heap:
 def new generation   total 14976K, used 1758K [0x04a00000, 0x05a30000, 0x09f50000)
  eden space 13376K,   6% used [0x04a00000, 0x04ae1288, 0x05710000)
  from space 1600K,  53% used [0x058a0000, 0x05976748, 0x05a30000)
  to   space 1600K,   0% used [0x05710000, 0x05710000, 0x058a0000)
 tenured generation   total 33096K, used 19856K [0x09f50000, 0x0bfa2000, 0x14a00000)
   the space 33096K,  59% used [0x09f50000, 0x0b2b4180, 0x0b2b4200, 0x0bfa2000)
 Metaspace       used 25750K, capacity 26988K, committed 27008K, reserved 27008K

Card table byte_map: [0x04890000,0x04920000] byte_map_base: 0x0486b000

Polling page: 0x00a10000

CodeCache: size=32768Kb used=2275Kb max_used=4050Kb free=30492Kb
 bounds [0x02890000, 0x02c88000, 0x04890000]
 total_blobs=1179 nmethods=970 adapters=147
 compilation: enabled

Compilation events (10 events):
Event: 3091.745 Thread 0x15564800 2961             org.springframework.core.convert.support.GenericConversionService$Converters::find (119 bytes)
Event: 3091.746 Thread 0x15564800 nmethod 2961 0x02941688 code [0x02941840, 0x02941bd4]
Event: 3091.746 Thread 0x15564800 2962   !         org.springframework.core.convert.support.IdToEntityConverter::getFinder (142 bytes)
Event: 3091.748 Thread 0x15564800 nmethod 2962 0x02952b08 code [0x02952d00, 0x0295326c]
Event: 3091.748 Thread 0x15564800 2963             org.springframework.core.annotation.AttributeMethods::indexOf (37 bytes)
Event: 3091.748 Thread 0x15564800 nmethod 2963 0x02961c88 code [0x02961d90, 0x02961e8c]
Event: 3091.748 Thread 0x15564800 2964             org.springframework.core.annotation.SynthesizedMergedAnnotationInvocationHandler$$Lambda$272/30171665::get$Lambda (10 bytes)
Event: 3091.748 Thread 0x15564800 nmethod 2964 0x029500c8 code [0x029501c0, 0x02950290]
Event: 3091.748 Thread 0x15564800 2965             org.springframework.core.annotation.SynthesizedMergedAnnotationInvocationHandler$$Lambda$272/30171665::<init> (15 bytes)
Event: 3091.748 Thread 0x15564800 nmethod 2965 0x0293ad08 code [0x0293ae00, 0x0293aea0]

GC Heap History (10 events):
Event: 1631.723 GC heap before
{Heap before GC invocations=88 (full 4):
 def new generation   total 12352K, used 11269K [0x04a00000, 0x05760000, 0x09f50000)
  eden space 11008K,  99% used [0x04a00000, 0x054bc6f8, 0x054c0000)
  from space 1344K,  20% used [0x054c0000, 0x05505088, 0x05610000)
  to   space 1344K,   0% used [0x05610000, 0x05610000, 0x05760000)
 tenured generation   total 27352K, used 18307K [0x09f50000, 0x0ba06000, 0x14a00000)
   the space 27352K,  66% used [0x09f50000, 0x0b130ff0, 0x0b131000, 0x0ba06000)
 Metaspace       used 25483K, capacity 26730K, committed 26752K, reserved 27008K
Event: 1631.727 GC heap after
Heap after GC invocations=89 (full 4):
 def new generation   total 12352K, used 1343K [0x04a00000, 0x05760000, 0x09f50000)
  eden space 11008K,   0% used [0x04a00000, 0x04a00000, 0x054c0000)
  from space 1344K,  99% used [0x05610000, 0x0575fff8, 0x05760000)
  to   space 1344K,   0% used [0x054c0000, 0x054c0000, 0x05610000)
 tenured generation   total 27352K, used 18681K [0x09f50000, 0x0ba06000, 0x14a00000)
   the space 27352K,  68% used [0x09f50000, 0x0b18e4e0, 0x0b18e600, 0x0ba06000)
 Metaspace       used 25483K, capacity 26730K, committed 26752K, reserved 27008K
}
Event: 1984.211 GC heap before
{Heap before GC invocations=89 (full 4):
 def new generation   total 12352K, used 12350K [0x04a00000, 0x05760000, 0x09f50000)
  eden space 11008K,  99% used [0x04a00000, 0x054bfab0, 0x054c0000)
  from space 1344K,  99% used [0x05610000, 0x0575fff8, 0x05760000)
  to   space 1344K,   0% used [0x054c0000, 0x054c0000, 0x05610000)
 tenured generation   total 27352K, used 18681K [0x09f50000, 0x0ba06000, 0x14a00000)
   the space 27352K,  68% used [0x09f50000, 0x0b18e4e0, 0x0b18e600, 0x0ba06000)
 Metaspace       used 25738K, capacity 27001K, committed 27008K, reserved 27008K
Event: 1984.220 GC heap after
Heap after GC invocations=90 (full 4):
 def new generation   total 12352K, used 1344K [0x04a00000, 0x05760000, 0x09f50000)
  eden space 11008K,   0% used [0x04a00000, 0x04a00000, 0x054c0000)
  from space 1344K, 100% used [0x054c0000, 0x05610000, 0x05610000)
  to   space 1344K,   0% used [0x05610000, 0x05610000, 0x05760000)
 tenured generation   total 27352K, used 21239K [0x09f50000, 0x0ba06000, 0x14a00000)
   the space 27352K,  77% used [0x09f50000, 0x0b40dc58, 0x0b40de00, 0x0ba06000)
 Metaspace       used 25738K, capacity 27001K, committed 27008K, reserved 27008K
}
Event: 2586.873 GC heap before
{Heap before GC invocations=90 (full 4):
 def new generation   total 12352K, used 12352K [0x04a00000, 0x05760000, 0x09f50000)
  eden space 11008K, 100% used [0x04a00000, 0x054c0000, 0x054c0000)
  from space 1344K, 100% used [0x054c0000, 0x05610000, 0x05610000)
  to   space 1344K,   0% used [0x05610000, 0x05610000, 0x05760000)
 tenured generation   total 27352K, used 21239K [0x09f50000, 0x0ba06000, 0x14a00000)
   the space 27352K,  77% used [0x09f50000, 0x0b40dc58, 0x0b40de00, 0x0ba06000)
 Metaspace       used 25758K, capacity 27001K, committed 27008K, reserved 27008K
Event: 2586.882 GC heap after
Heap after GC invocations=91 (full 4):
 def new generation   total 12352K, used 1344K [0x04a00000, 0x05760000, 0x09f50000)
  eden space 11008K,   0% used [0x04a00000, 0x04a00000, 0x054c0000)
  from space 1344K, 100% used [0x05610000, 0x05760000, 0x05760000)
  to   space 1344K,   0% used [0x054c0000, 0x054c0000, 0x05610000)
 tenured generation   total 27352K, used 25183K [0x09f50000, 0x0ba06000, 0x14a00000)
   the space 27352K,  92% used [0x09f50000, 0x0b7e7c38, 0x0b7e7e00, 0x0ba06000)
 Metaspace       used 25758K, capacity 27001K, committed 27008K, reserved 27008K
}
Event: 3004.875 GC heap before
{Heap before GC invocations=91 (full 4):
 def new generation   total 12352K, used 12352K [0x04a00000, 0x05760000, 0x09f50000)
  eden space 11008K, 100% used [0x04a00000, 0x054c0000, 0x054c0000)
  from space 1344K, 100% used [0x05610000, 0x05760000, 0x05760000)
  to   space 1344K,   0% used [0x054c0000, 0x054c0000, 0x05610000)
 tenured generation   total 27352K, used 25183K [0x09f50000, 0x0ba06000, 0x14a00000)
   the space 27352K,  92% used [0x09f50000, 0x0b7e7c38, 0x0b7e7e00, 0x0ba06000)
 Metaspace       used 25758K, capacity 27001K, committed 27008K, reserved 27008K
Event: 3004.971 GC heap after
Heap after GC invocations=92 (full 5):
 def new generation   total 14976K, used 0K [0x04a00000, 0x05a30000, 0x09f50000)
  eden space 13376K,   0% used [0x04a00000, 0x04a00000, 0x05710000)
  from space 1600K,   0% used [0x05710000, 0x05710000, 0x058a0000)
  to   space 1600K,   0% used [0x058a0000, 0x058a0000, 0x05a30000)
 tenured generation   total 33096K, used 19856K [0x09f50000, 0x0bfa2000, 0x14a00000)
   the space 33096K,  59% used [0x09f50000, 0x0b2b4180, 0x0b2b4200, 0x0bfa2000)
 Metaspace       used 25744K, capacity 26983K, committed 27008K, reserved 27008K
}
Event: 3069.695 GC heap before
{Heap before GC invocations=92 (full 5):
 def new generation   total 14976K, used 13367K [0x04a00000, 0x05a30000, 0x09f50000)
  eden space 13376K,  99% used [0x04a00000, 0x0570dc98, 0x05710000)
  from space 1600K,   0% used [0x05710000, 0x05710000, 0x058a0000)
  to   space 1600K,   0% used [0x058a0000, 0x058a0000, 0x05a30000)
 tenured generation   total 33096K, used 19856K [0x09f50000, 0x0bfa2000, 0x14a00000)
   the space 33096K,  59% used [0x09f50000, 0x0b2b4180, 0x0b2b4200, 0x0bfa2000)
 Metaspace       used 25746K, capacity 26983K, committed 27008K, reserved 27008K
Event: 3069.699 GC heap after
Heap after GC invocations=93 (full 5):
 def new generation   total 14976K, used 857K [0x04a00000, 0x05a30000, 0x09f50000)
  eden space 13376K,   0% used [0x04a00000, 0x04a00000, 0x05710000)
  from space 1600K,  53% used [0x058a0000, 0x05976748, 0x05a30000)
  to   space 1600K,   0% used [0x05710000, 0x05710000, 0x058a0000)
 tenured generation   total 33096K, used 19856K [0x09f50000, 0x0bfa2000, 0x14a00000)
   the space 33096K,  59% used [0x09f50000, 0x0b2b4180, 0x0b2b4200, 0x0bfa2000)
 Metaspace       used 25746K, capacity 26983K, committed 27008K, reserved 27008K
}

Deoptimization events (0 events):
No events

Internal exceptions (10 events):
Event: 1272.766 Thread 0x1767f000 Exception <a 'java/lang/ArrayIndexOutOfBoundsException'> (0x04ee71d0) thrown at [C:\workspace\8-2-build-windows-i586-cygwin\jdk8u92\6642\hotspot\src\share\vm\runtime\sharedRuntime.cpp, line 605]
Event: 1279.044 Thread 0x1767f000 Exception <a 'java/lang/ArrayIndexOutOfBoundsException'> (0x051d9190) thrown at [C:\workspace\8-2-build-windows-i586-cygwin\jdk8u92\6642\hotspot\src\share\vm\runtime\sharedRuntime.cpp, line 605]
Event: 1279.044 Thread 0x1767f000 Exception <a 'java/lang/ArrayIndexOutOfBoundsException'> (0x051da440) thrown at [C:\workspace\8-2-build-windows-i586-cygwin\jdk8u92\6642\hotspot\src\share\vm\runtime\sharedRuntime.cpp, line 605]
Event: 1279.050 Thread 0x1767f000 Exception <a 'java/lang/ArrayIndexOutOfBoundsException'> (0x052c4568) thrown at [C:\workspace\8-2-build-windows-i586-cygwin\jdk8u92\6642\hotspot\src\share\vm\runtime\sharedRuntime.cpp, line 605]
Event: 1279.056 Thread 0x1767f000 Exception <a 'java/lang/ArrayIndexOutOfBoundsException'> (0x052f1d48) thrown at [C:\workspace\8-2-build-windows-i586-cygwin\jdk8u92\6642\hotspot\src\share\vm\runtime\sharedRuntime.cpp, line 605]
Event: 1400.599 Thread 0x1767f000 Exception <a 'java/lang/ArrayIndexOutOfBoundsException'> (0x051a6340) thrown at [C:\workspace\8-2-build-windows-i586-cygwin\jdk8u92\6642\hotspot\src\share\vm\runtime\sharedRuntime.cpp, line 605]
Event: 1410.358 Thread 0x17681000 Exception <a 'java/lang/ArrayIndexOutOfBoundsException'> (0x0543f408) thrown at [C:\workspace\8-2-build-windows-i586-cygwin\jdk8u92\6642\hotspot\src\share\vm\runtime\sharedRuntime.cpp, line 605]
Event: 1735.397 Thread 0x17681000 Exception <a 'java/lang/ArrayIndexOutOfBoundsException'> (0x04d280e8) thrown at [C:\workspace\8-2-build-windows-i586-cygwin\jdk8u92\6642\hotspot\src\share\vm\runtime\sharedRuntime.cpp, line 605]
Event: 3091.861 Thread 0x17681000 Exception <a 'java/lang/NullPointerException'> (0x04acac28) thrown at [C:\workspace\8-2-build-windows-i586-cygwin\jdk8u92\6642\hotspot\src\share\vm\interpreter\linkResolver.cpp, line 1178]
Event: 3091.861 Thread 0x17681000 Exception <a 'java/lang/reflect/InvocationTargetException'> (0x04acb008) thrown at [C:\workspace\8-2-build-windows-i586-cygwin\jdk8u92\6642\hotspot\src\share\vm\runtime\reflection.cpp, line 1092]

Events (10 events):
Event: 3091.861 Thread 0x17681000 DEOPT PACKING pc=0x02c7c198 sp=0x18cfe7b0
Event: 3091.861 Thread 0x17681000 DEOPT UNPACKING pc=0x028cc5db sp=0x18cfe6c0 mode 1
Event: 3091.861 Thread 0x17681000 DEOPT PACKING pc=0x02b05b50 sp=0x18cfe860
Event: 3091.861 Thread 0x17681000 DEOPT UNPACKING pc=0x028cc5db sp=0x18cfe6f4 mode 1
Event: 3091.861 Thread 0x17681000 DEOPT PACKING pc=0x02b0586c sp=0x18cfe890
Event: 3091.861 Thread 0x17681000 DEOPT UNPACKING pc=0x028cc5db sp=0x18cfe75c mode 1
Event: 3091.861 loading class org/springframework/beans/ConversionNotSupportedException
Event: 3091.861 loading class org/springframework/beans/ConversionNotSupportedException done
Event: 3091.862 loading class org/springframework/beans/TypeMismatchException
Event: 3091.862 loading class org/springframework/beans/TypeMismatchException done


Dynamic libraries:
0x00030000 - 0x00063000 	D:\JavaJdk\jdk1.8.0_92\bin\java.exe
0x776d0000 - 0x77860000 	C:\Windows\SYSTEM32\ntdll.dll
0x75d60000 - 0x75e40000 	C:\Windows\System32\KERNEL32.DLL
0x74da0000 - 0x74f83000 	C:\Windows\System32\KERNELBASE.dll
0x729a0000 - 0x72a3d000 	C:\Windows\SYSTEM32\apphelp.dll
0x74020000 - 0x74098000 	C:\Windows\System32\ADVAPI32.dll
0x74510000 - 0x745cf000 	C:\Windows\System32\msvcrt.dll
0x743f0000 - 0x74434000 	C:\Windows\System32\sechost.dll
0x740a0000 - 0x74160000 	C:\Windows\System32\RPCRT4.dll
0x73f90000 - 0x73fb0000 	C:\Windows\System32\SspiCli.dll
0x73f80000 - 0x73f8a000 	C:\Windows\System32\CRYPTBASE.dll
0x74640000 - 0x74697000 	C:\Windows\System32\bcryptPrimitives.dll
0x74160000 - 0x742ed000 	C:\Windows\System32\USER32.dll
0x772b0000 - 0x772c7000 	C:\Windows\System32\win32u.dll
0x75a60000 - 0x75a82000 	C:\Windows\System32\GDI32.dll
0x750f0000 - 0x75255000 	C:\Windows\System32\gdi32full.dll
0x75c00000 - 0x75c7d000 	C:\Windows\System32\msvcp_win.dll
0x75e40000 - 0x75f5d000 	C:\Windows\System32\ucrtbase.dll
0x731c0000 - 0x733c4000 	C:\Windows\WinSxS\x86_microsoft.windows.common-controls_6595b64144ccf1df_6.0.17134.1550_none_1bae793c910b1bc7\COMCTL32.dll
0x753d0000 - 0x7562c000 	C:\Windows\System32\combase.dll
0x74490000 - 0x744b6000 	C:\Windows\System32\IMM32.DLL
0x596e0000 - 0x5979f000 	D:\JavaJdk\jdk1.8.0_92\jre\bin\msvcr100.dll
0x59310000 - 0x596db000 	D:\JavaJdk\jdk1.8.0_92\jre\bin\client\jvm.dll
0x74f90000 - 0x74f96000 	C:\Windows\System32\PSAPI.DLL
0x72b60000 - 0x72b68000 	C:\Windows\SYSTEM32\WSOCK32.dll
0x73fb0000 - 0x74017000 	C:\Windows\System32\WS2_32.dll
0x72120000 - 0x72144000 	C:\Windows\SYSTEM32\WINMM.dll
0x73be0000 - 0x73be8000 	C:\Windows\SYSTEM32\VERSION.dll
0x71860000 - 0x71883000 	C:\Windows\SYSTEM32\WINMMBASE.dll
0x775a0000 - 0x775d9000 	C:\Windows\System32\cfgmgr32.dll
0x6a000000 - 0x6a00c000 	D:\JavaJdk\jdk1.8.0_92\jre\bin\verify.dll
0x67420000 - 0x67441000 	D:\JavaJdk\jdk1.8.0_92\jre\bin\java.dll
0x5c4d0000 - 0x5c4f9000 	D:\JavaJdk\jdk1.8.0_92\jre\bin\jdwp.dll
0x66380000 - 0x66387000 	D:\JavaJdk\jdk1.8.0_92\jre\bin\npt.dll
0x64850000 - 0x64870000 	D:\JavaJdk\jdk1.8.0_92\jre\bin\instrument.dll
0x5c4b0000 - 0x5c4c3000 	D:\JavaJdk\jdk1.8.0_92\jre\bin\zip.dll
0x75f60000 - 0x772af000 	C:\Windows\System32\SHELL32.dll
0x752b0000 - 0x75339000 	C:\Windows\System32\shcore.dll
0x746c0000 - 0x74c7c000 	C:\Windows\System32\windows.storage.dll
0x744c0000 - 0x74505000 	C:\Windows\System32\shlwapi.dll
0x746a0000 - 0x746af000 	C:\Windows\System32\kernel.appcore.dll
0x77480000 - 0x77498000 	C:\Windows\System32\profapi.dll
0x74440000 - 0x74485000 	C:\Windows\System32\powrprof.dll
0x74630000 - 0x74638000 	C:\Windows\System32\FLTLIB.DLL
0x66030000 - 0x66038000 	D:\JavaJdk\jdk1.8.0_92\jre\bin\dt_socket.dll
0x72d10000 - 0x72d67000 	C:\Windows\system32\mswsock.dll
0x592f0000 - 0x59306000 	D:\JavaJdk\jdk1.8.0_92\jre\bin\net.dll
0x72810000 - 0x7289f000 	C:\Windows\SYSTEM32\DNSAPI.dll
0x75360000 - 0x75367000 	C:\Windows\System32\NSI.dll
0x73ba0000 - 0x73bd0000 	C:\Windows\SYSTEM32\IPHLPAPI.DLL
0x70300000 - 0x70321000 	C:\Program Files (x86)\Bonjour\mdnsNSP.dll
0x71220000 - 0x71228000 	C:\Windows\System32\rasadhlp.dll
0x70960000 - 0x709af000 	C:\Windows\System32\fwpuclnt.dll
0x72510000 - 0x72529000 	C:\Windows\SYSTEM32\bcrypt.dll
0x65fc0000 - 0x65fca000 	D:\JavaJdk\jdk1.8.0_92\jre\bin\management.dll
0x64ef0000 - 0x64eff000 	D:\JavaJdk\jdk1.8.0_92\jre\bin\nio.dll
0x705f0000 - 0x70603000 	C:\Windows\SYSTEM32\CRYPTSP.dll
0x702d0000 - 0x702ff000 	C:\Windows\system32\rsaenh.dll
0x739f0000 - 0x73a12000 	C:\Windows\SYSTEM32\USERENV.dll
0x71090000 - 0x710a3000 	C:\Windows\SYSTEM32\dhcpcsvc6.DLL
0x70940000 - 0x70954000 	C:\Windows\SYSTEM32\dhcpcsvc.DLL
0x718b0000 - 0x718c1000 	C:\Windows\system32\napinsp.dll
0x71890000 - 0x718a6000 	C:\Windows\system32\pnrpnsp.dll
0x709b0000 - 0x709c3000 	C:\Windows\system32\NLAapi.dll
0x708a0000 - 0x708ac000 	C:\Windows\System32\winrnr.dll
0x70610000 - 0x70621000 	C:\Windows\System32\wshbth.dll
0x16fb0000 - 0x17197000 	D:\apache-tomcat-9.0.27\bin\tcnative-1.dll
0x772e0000 - 0x77475000 	C:\Windows\System32\CRYPT32.dll
0x746b0000 - 0x746be000 	C:\Windows\System32\MSASN1.dll
0x736e0000 - 0x73862000 	C:\Windows\SYSTEM32\dbghelp.dll

VM Arguments:
jvm_args: -agentlib:jdwp=transport=dt_socket,address=127.0.0.1:62946,suspend=y,server=n -XX:TieredStopAtLevel=1 -Xverify:none -Dspring.output.ansi.enabled=always -Dcom.sun.management.jmxremote -Dspring.jmx.enabled=true -Dspring.liveBeansView.mbeanDomain -Dspring.application.admin.enabled=true -javaagent:D:\IDEA_2019.3.4\plugins\java\lib\rt\debugger-agent.jar -Dfile.encoding=UTF-8 
java_command: com.shop.demo.DemoApplication
java_class_path (initial): D:\JavaJdk\jdk1.8.0_92\jre\lib\charsets.jar;D:\JavaJdk\jdk1.8.0_92\jre\lib\deploy.jar;D:\JavaJdk\jdk1.8.0_92\jre\lib\ext\access-bridge-32.jar;D:\JavaJdk\jdk1.8.0_92\jre\lib\ext\cldrdata.jar;D:\JavaJdk\jdk1.8.0_92\jre\lib\ext\dnsns.jar;D:\JavaJdk\jdk1.8.0_92\jre\lib\ext\jaccess.jar;D:\JavaJdk\jdk1.8.0_92\jre\lib\ext\jfxrt.jar;D:\JavaJdk\jdk1.8.0_92\jre\lib\ext\localedata.jar;D:\JavaJdk\jdk1.8.0_92\jre\lib\ext\nashorn.jar;D:\JavaJdk\jdk1.8.0_92\jre\lib\ext\sunec.jar;D:\JavaJdk\jdk1.8.0_92\jre\lib\ext\sunjce_provider.jar;D:\JavaJdk\jdk1.8.0_92\jre\lib\ext\sunmscapi.jar;D:\JavaJdk\jdk1.8.0_92\jre\lib\ext\sunpkcs11.jar;D:\JavaJdk\jdk1.8.0_92\jre\lib\ext\zipfs.jar;D:\JavaJdk\jdk1.8.0_92\jre\lib\javaws.jar;D:\JavaJdk\jdk1.8.0_92\jre\lib\jce.jar;D:\JavaJdk\jdk1.8.0_92\jre\lib\jfr.jar;D:\JavaJdk\jdk1.8.0_92\jre\lib\jfxswt.jar;D:\JavaJdk\jdk1.8.0_92\jre\lib\jsse.jar;D:\JavaJdk\jdk1.8.0_92\jre\lib\management-agent.jar;D:\JavaJdk\jdk1.8.0_92\jre\lib\plugin.jar;D:\JavaJdk\jdk1.8.0_92\jre\lib\resources.jar;D:\JavaJdk\jdk1.8.0_92\jre\lib\rt.jar;E:\WeChat_project\project\xsj_shopping_store\xsj\target\classes;C:\Users\NFY\.m2\repository\org\springframework\boot\spring-boot-starter-web\2.3.1.RELEASE\spring-boot-starter-web-2.3.1.RELEASE.jar;C:\Users\NFY\.m2\repository\org\springframework\boot\spring-boot-starter\2.3.1.RELEASE\spring-boot-starter-2.3.1.RELEASE.jar;C:\Users\NFY\.m2\repository\org\springframework\boot\spring-boot\2.3.1.RELEASE\spring-boot-2.3.1.RELEASE.jar;C:\Users\NFY\.m2\repository\org\springframework\boot\spring-boot-autoconfigure\2.3.1.RELEASE\spring-boot-autoconfigure-2.3.1.RELEASE.jar;C:\Users\NFY\.m2\repository\org\springframework\boot\spring-boot-starter-logging\2.3.1.RELEASE\spring-boot-starter-logging-2.3.1.RELEASE.jar;C:\Users\NFY\.m2\repository\ch\qos\logback\logback-classic\1.2.3\logback-classic-1.2.3.jar;C:\Users\NFY\.m2\repository\ch\qos\logback\logback-core\1.2.3\logback-core-1.2.3.jar;C:\Users\NFY\.m2\repository\org\apache\l
Launcher Type: SUN_STANDARD

Environment Variables:
JAVA_HOME=D:\JavaJdk\jdk1.8.0_92\
CLASSPATH=.;D:\JavaJdk\jdk1.8.0_92\\lib\dt.jar;D:\JavaJdk\jdk1.8.0_92\\lib\tools.jar;  
PATH=D:\Python27;D:\Python27\Scripts;D:\JavaJdk\jdk1.8.0_92\\bin;D:\JavaJdk\jdk1.8.0_92\\jre\bin;C:\Program Files (x86)\Common Files\Oracle\Java\javapath;C:\Windows\system32;C:\Windows;C:\Windows\System32\Wbem;C:\Windows\System32\WindowsPowerShell\v1.0\;C:\Windows\System32\OpenSSH\;d:\Program Files(x86)\Microsoft SQL Server\110\Tools\Binn\;d:\Program Files\Microsoft SQL Server\110\Tools\Binn\;d:\Program Files\Microsoft SQL Server\110\DTS\Binn\;d:\Program Files(x86)\Microsoft SQL Server\110\Tools\Binn\ManagementStudio\;C:\Program Files (x86)\Microsoft Visual Studio 10.0\Common7\IDE\PrivateAssemblies\;d:\Program Files(x86)\Microsoft SQL Server\110\DTS\Binn\;D:\TortoiseGit\bin;D:\Git\cmd;D:\Program Files\Redis\;D:\apache-tomcat-9.0.27\\bin;D:\phpStudy\Mysql\bin;D:\nodejs\;D:\maven\apache-maven-3.6.3\bin;D:\Python\Python36\Scripts\;D:\Python\Python36\;C:\Users\NFY\AppData\Local\Microsoft\WindowsApps;D:\Nmap;D:\PyCharm Community\bin;;D:\IDEA_2019.3.4\bin;;D:\VS Code\bin;C:\Users\NFY\AppData\Roaming\npm
USERNAME=NFY
OS=Windows_NT
PROCESSOR_IDENTIFIER=Intel64 Family 6 Model 142 Stepping 9, GenuineIntel



---------------  S Y S T E M  ---------------

OS: Windows 10.0 , 64 bit Build 17134 (10.0.17134.1425)

CPU:total 4 (2 cores per cpu, 2 threads per core) family 6 model 142 stepping 9, cmov, cx8, fxsr, mmx, sse, sse2, sse3, ssse3, sse4.1, sse4.2, popcnt, avx, avx2, aes, clmul, erms, 3dnowpref, lzcnt, ht, tsc, tscinvbit, bmi1, bmi2, adx

Memory: 4k page, physical 8251576k(1692304k free), swap 12952556k(2364220k free)

vm_info: Java HotSpot(TM) Client VM (25.92-b14) for windows-x86 JRE (1.8.0_92-b14), built on Mar 31 2016 21:09:21 by "java_re" with MS VC++ 10.0 (VS2010)

time: Tue Jul 07 20:36:39 2020
elapsed time: 3092 seconds (0d 0h 51m 32s)

